<?xml version="1.0" encoding="UTF-8"?>
<testsuite xmlns:xsi="http://www.w3.org/2001/XMLSchema-instance" xsi:noNamespaceSchemaLocation="https://maven.apache.org/surefire/maven-surefire-plugin/xsd/surefire-test-report-3.0.xsd" version="3.0" name="testrunner.TestRunner" time="93.431" tests="4" errors="0" skipped="0" failures="0">
  <properties>
[...]
</properties>
  <testcase name="I am a citizen of the UK" classname="Check eligibility for NHS help" time="7.848">
    <system-out><![CDATA[
@NHSBSA
Scenario: Check eligibility for NHS help                       &amp#27;[90m# Features/FeatureFile.feature:3&amp#27;[0m
]]></system-out>
    <system-err><![CDATA[1627839646758	geckodriver	INFO	Listening on 127.0.0.1:47313
1627839647378	mozrunner::runner	INFO	Running command: "C:\\Program Files\\Mozilla Firefox\\firefox.exe" "--marionette" "-foreground" "-no-remote" "-profile" "C:\\Users\\arjun\\AppData\\Local\\Temp\\rust_mozprofileVgHWWe"
1627839648872	Marionette	INFO	Marionette enabled
console.warn: SearchSettings: "get: No settings file exists, new profile?" (new NotFoundError("Could not open the file at C:\\Users\\arjun\\AppData\\Local\\Temp\\rust_mozprofileVgHWWe\\search.json.mozlz4", (void 0)))
1627839664735	Marionette	INFO	Listening on port 50801
1627839665500	Marionette	WARN	TLS certificate errors will be ignored for this session
Aug 01, 2021 6:41:05 PM org.openqa.selenium.remote.ProtocolHandshake createSession
INFO: Detected dialect: W3C
]]></system-err>
  </testcase>
  <testcase name="I put my circumstances into the Checker tool" classname="Check eligibility for NHS help" time="48.99">
    <system-out><![CDATA[  &amp#27;[32mGiven &amp#27;[0m&amp#27;[32mI am a citizen of the UK&amp#27;[0m                               &amp#27;[90m# stepdef.StepDefinitionFile.launchAPP()&amp#27;[0m


************** You have reached the results screen *******************


]]></system-out>
    <system-err><![CDATA[1627839689313	Marionette	WARN	TimedPromise timed out after 500 ms: stacktrace:
TimedPromise/<@chrome://marionette/content/sync.js:237:19
TimedPromise@chrome://marionette/content/sync.js:222:10
interaction.flushEventLoop@chrome://marionette/content/interaction.js:431:10
webdriverClickElement@chrome://marionette/content/interaction.js:179:31
1627839692072	Marionette	WARN	TimedPromise timed out after 500 ms: stacktrace:
TimedPromise/<@chrome://marionette/content/sync.js:237:19
TimedPromise@chrome://marionette/content/sync.js:222:10
interaction.flushEventLoop@chrome://marionette/content/interaction.js:431:10
webdriverClickElement@chrome://marionette/content/interaction.js:179:31
1627839701150	Marionette	WARN	TimedPromise timed out after 500 ms: stacktrace:
TimedPromise/<@chrome://marionette/content/sync.js:237:19
TimedPromise@chrome://marionette/content/sync.js:222:10
interaction.flushEventLoop@chrome://marionette/content/interaction.js:431:10
webdriverClickElement@chrome://marionette/content/interaction.js:179:31
1627839704731	Marionette	WARN	TimedPromise timed out after 500 ms: stacktrace:
TimedPromise/<@chrome://marionette/content/sync.js:237:19
TimedPromise@chrome://marionette/content/sync.js:222:10
interaction.flushEventLoop@chrome://marionette/content/interaction.js:431:10
webdriverClickElement@chrome://marionette/content/interaction.js:179:31
1627839707917	Marionette	WARN	TimedPromise timed out after 500 ms: stacktrace:
TimedPromise/<@chrome://marionette/content/sync.js:237:19
TimedPromise@chrome://marionette/content/sync.js:222:10
interaction.flushEventLoop@chrome://marionette/content/interaction.js:431:10
webdriverClickElement@chrome://marionette/content/interaction.js:179:31
1627839715312	Marionette	WARN	TimedPromise timed out after 500 ms: stacktrace:
TimedPromise/<@chrome://marionette/content/sync.js:237:19
TimedPromise@chrome://marionette/content/sync.js:222:10
interaction.flushEventLoop@chrome://marionette/content/interaction.js:431:10
webdriverClickElement@chrome://marionette/content/interaction.js:179:31
]]></system-err>
  </testcase>
  <testcase name="I should get a result of whether I will get help or not" classname="Check eligibility for NHS help" time="0.787">
    <system-out><![CDATA[  &amp#27;[32mWhen &amp#27;[0m&amp#27;[32mI put my circumstances into the Checker tool&amp#27;[0m            &amp#27;[90m# stepdef.StepDefinitionFile.enterMyData()&amp#27;[0m


*******************************************************************

	You could get help to pay for your NHS costs

*******************************************************************


]]></system-out>
  </testcase>
  <testcase name="" classname="Check eligibility for NHS help" time="10.372">
    <system-out><![CDATA[  &amp#27;[32mThen &amp#27;[0m&amp#27;[32mI should get a result of whether I will get help or not&amp#27;[0m &amp#27;[90m# stepdef.StepDefinitionFile.results()&amp#27;[0m
]]></system-out>
    <system-err><![CDATA[1627839724604	Marionette	INFO	Stopped listening on port 50801
]]></system-err>
  </testcase>
</testsuite>